<?xml version="1.0" encoding="UTF-8"?>
<testng-results ignored="0" total="2" passed="2" failed="0" skipped="0">
  <reporter-output>
  </reporter-output>
  <suite started-at="2022-06-13T17:18:44 IST" name="inetbankingV1" finished-at="2022-06-13T17:22:18 IST" duration-ms="213581">
    <groups>
    </groups>
    <test started-at="2022-06-13T17:18:44 IST" name="BankingApp Test" finished-at="2022-06-13T17:22:18 IST" duration-ms="213581">
      <class name="com.inetbanking.testcases.TC_AddNewCustomer_002">
        <test-method is-config="true" signature="setup(java.lang.String)[pri:0, instance:com.inetbanking.testcases.TC_AddNewCustomer_002@3d34d211]" started-at="2022-06-13T17:21:13 IST" name="setup" finished-at="2022-06-13T17:21:23 IST" duration-ms="9759" status="PASS">
          <params>
            <param index="0">
              <value>
                <![CDATA[Chrome]]>
              </value>
            </param>
          </params>
          <reporter-output>
          </reporter-output>
        </test-method> <!-- setup -->
        <test-method signature="AddNewCustomer()[pri:0, instance:com.inetbanking.testcases.TC_AddNewCustomer_002@3d34d211]" started-at="2022-06-13T17:21:23 IST" name="AddNewCustomer" finished-at="2022-06-13T17:22:17 IST" duration-ms="54349" status="PASS">
          <reporter-output>
          </reporter-output>
        </test-method> <!-- AddNewCustomer -->
        <test-method is-config="true" signature="teardown()[pri:0, instance:com.inetbanking.testcases.TC_AddNewCustomer_002@3d34d211]" started-at="2022-06-13T17:22:17 IST" name="teardown" finished-at="2022-06-13T17:22:18 IST" duration-ms="391" status="PASS">
          <reporter-output>
          </reporter-output>
        </test-method> <!-- teardown -->
      </class> <!-- com.inetbanking.testcases.TC_AddNewCustomer_002 -->
      <class name="com.inetbanking.testcases.LoginTestCase_001">
        <test-method is-config="true" signature="setup(java.lang.String)[pri:0, instance:com.inetbanking.testcases.LoginTestCase_001@70325e14]" started-at="2022-06-13T17:18:44 IST" name="setup" finished-at="2022-06-13T17:19:38 IST" duration-ms="53565" status="PASS">
          <params>
            <param index="0">
              <value>
                <![CDATA[Chrome]]>
              </value>
            </param>
          </params>
          <reporter-output>
          </reporter-output>
        </test-method> <!-- setup -->
        <test-method signature="logintestcase()[pri:0, instance:com.inetbanking.testcases.LoginTestCase_001@70325e14]" started-at="2022-06-13T17:19:38 IST" name="logintestcase" finished-at="2022-06-13T17:21:13 IST" duration-ms="95055" status="PASS">
          <reporter-output>
          </reporter-output>
        </test-method> <!-- logintestcase -->
        <test-method is-config="true" signature="teardown()[pri:0, instance:com.inetbanking.testcases.LoginTestCase_001@70325e14]" started-at="2022-06-13T17:21:13 IST" name="teardown" finished-at="2022-06-13T17:21:13 IST" duration-ms="382" status="PASS">
          <reporter-output>
          </reporter-output>
        </test-method> <!-- teardown -->
      </class> <!-- com.inetbanking.testcases.LoginTestCase_001 -->
    </test> <!-- BankingApp Test -->
  </suite> <!-- inetbankingV1 -->
</testng-results>
